2025-12-17 18:44:29,250 DEBUG    root            Loaded Command Group: ['gcloud', 'container', 'clusters']
2025-12-17 18:44:29,449 DEBUG    root            Loaded Command Group: ['gcloud', 'container', 'clusters', 'create']
2025-12-17 18:44:30,662 DEBUG    root            Running [gcloud.container.clusters.create] with arguments: [--enable-ip-alias: "True", --machine-type: "e2-standard-2", --num-nodes: "1", --release-channel: "regular", NAME: "ai-gke"]
2025-12-17 18:44:31,015 INFO     ___FILE_ONLY___ Note: The Kubelet readonly port (10255) is now deprecated. Please update your workloads to use the recommended alternatives. See https://cloud.google.com/kubernetes-engine/docs/how-to/disable-kubelet-readonly-port for ways to check usage and for migration instructions.

2025-12-17 18:44:31,263 DEBUG    urllib3.connectionpool Starting new HTTPS connection (1): serviceusage.googleapis.com:443
2025-12-17 18:44:31,694 DEBUG    urllib3.connectionpool https://serviceusage.googleapis.com:443 "GET /v1/projects/nth-baton-205216/services/container.googleapis.com?alt=json HTTP/11" 200 None
2025-12-17 18:44:31,716 DEBUG    urllib3.connectionpool Starting new HTTPS connection (1): container.googleapis.com:443
2025-12-17 18:44:32,098 DEBUG    urllib3.connectionpool https://container.googleapis.com:443 "POST /v1/projects/nth-baton-205216/locations/us-central1-a/clusters?alt=json HTTP/11" 409 None
2025-12-17 18:44:32,103 DEBUG    root            (gcloud.container.clusters.create) ResponseError: code=409, message=Already exists: projects/nth-baton-205216/zones/us-central1-a/clusters/ai-gke.
Traceback (most recent call last):
  File "/mnt/c/Program Files (x86)/Google/Cloud SDK/google-cloud-sdk/lib/surface/container/clusters/create.py", line 1411, in Run
    operation_ref = adapter.CreateCluster(cluster_ref, options)
                    ^^^^^^^^^^^^^^^^^^^^^^^^^^^^^^^^^^^^^^^^^^^
  File "/mnt/c/Program Files (x86)/Google/Cloud SDK/google-cloud-sdk/lib/googlecloudsdk/api_lib/container/api_adapter.py", line 3984, in CreateCluster
    operation = self.client.projects_locations_clusters.Create(req)
                ^^^^^^^^^^^^^^^^^^^^^^^^^^^^^^^^^^^^^^^^^^^^^^^^^^^
  File "/mnt/c/Program Files (x86)/Google/Cloud SDK/google-cloud-sdk/lib/googlecloudsdk/generated_clients/apis/container/v1/container_v1_client.py", line 574, in Create
    return self._RunMethod(
           ^^^^^^^^^^^^^^^^
  File "/mnt/c/Program Files (x86)/Google/Cloud SDK/google-cloud-sdk/lib/third_party/apitools/base/py/base_api.py", line 747, in _RunMethod
    return self.ProcessHttpResponse(method_config, http_response, request)
           ^^^^^^^^^^^^^^^^^^^^^^^^^^^^^^^^^^^^^^^^^^^^^^^^^^^^^^^^^^^^^^^
  File "/mnt/c/Program Files (x86)/Google/Cloud SDK/google-cloud-sdk/lib/third_party/apitools/base/py/base_api.py", line 753, in ProcessHttpResponse
    self.__ProcessHttpResponse(method_config, http_response, request))
    ^^^^^^^^^^^^^^^^^^^^^^^^^^^^^^^^^^^^^^^^^^^^^^^^^^^^^^^^^^^^^^^^^
  File "/mnt/c/Program Files (x86)/Google/Cloud SDK/google-cloud-sdk/lib/third_party/apitools/base/py/base_api.py", line 612, in __ProcessHttpResponse
    raise exceptions.HttpError.FromResponse(
apitools.base.py.exceptions.HttpConflictError: HttpError accessing <https://container.googleapis.com/v1/projects/nth-baton-205216/locations/us-central1-a/clusters?alt=json>: response: <{'vary': 'Origin, X-Origin, Referer', 'content-type': 'application/json; charset=UTF-8', 'content-encoding': 'gzip', 'date': 'Wed, 17 Dec 2025 23:44:32 GMT', 'server': 'ESF', 'x-xss-protection': '0', 'x-frame-options': 'SAMEORIGIN', 'x-content-type-options': 'nosniff', 'alt-svc': 'h3=":443"; ma=2592000,h3-29=":443"; ma=2592000', 'transfer-encoding': 'chunked', 'status': 409}>, content <{
  "error": {
    "code": 409,
    "message": "Already exists: projects/nth-baton-205216/zones/us-central1-a/clusters/ai-gke.",
    "status": "ALREADY_EXISTS",
    "details": [
      {
        "@type": "type.googleapis.com/google.rpc.RequestInfo",
        "requestId": "0xab2dcddfcf84373f"
      }
    ]
  }
}
>

During handling of the above exception, another exception occurred:

Traceback (most recent call last):
  File "/mnt/c/Program Files (x86)/Google/Cloud SDK/google-cloud-sdk/lib/googlecloudsdk/calliope/cli.py", line 987, in Execute
    resources = calliope_command.Run(cli=self, args=args)
                ^^^^^^^^^^^^^^^^^^^^^^^^^^^^^^^^^^^^^^^^^
  File "/mnt/c/Program Files (x86)/Google/Cloud SDK/google-cloud-sdk/lib/googlecloudsdk/calliope/backend.py", line 946, in Run
    resources = command_instance.Run(args)
                ^^^^^^^^^^^^^^^^^^^^^^^^^^
  File "/mnt/c/Program Files (x86)/Google/Cloud SDK/google-cloud-sdk/lib/surface/container/clusters/create.py", line 1427, in Run
    raise exceptions.HttpException(error, util.HTTP_ERROR_FORMAT)
googlecloudsdk.calliope.exceptions.HttpException: ResponseError: code=409, message=Already exists: projects/nth-baton-205216/zones/us-central1-a/clusters/ai-gke.
2025-12-17 18:44:32,258 ERROR    root            (gcloud.container.clusters.create) ResponseError: code=409, message=Already exists: projects/nth-baton-205216/zones/us-central1-a/clusters/ai-gke.
